[1.955s] Invoking command in '/ros2_ws/src/lidar_slam': PYTHONPATH=/ros2_ws/build/lidar_slam/prefix_override:/usr/lib/python3/dist-packages/colcon_core/task/python/colcon_distutils_commands:/ros2_ws/install/lidar_slam/lib/python3.10/site-packages:${PYTHONPATH} /usr/bin/python3 -W ignore:setup.py install is deprecated -W ignore:easy_install command is deprecated setup.py egg_info --egg-base ../../build/lidar_slam build --build-base /ros2_ws/build/lidar_slam/build install --record /ros2_ws/build/lidar_slam/install.log --single-version-externally-managed install_data
[2.623s] running egg_info
[2.626s] writing ../../build/lidar_slam/lidar_slam.egg-info/PKG-INFO
[2.627s] writing dependency_links to ../../build/lidar_slam/lidar_slam.egg-info/dependency_links.txt
[2.629s] writing entry points to ../../build/lidar_slam/lidar_slam.egg-info/entry_points.txt
[2.630s] writing requirements to ../../build/lidar_slam/lidar_slam.egg-info/requires.txt
[2.634s] writing top-level names to ../../build/lidar_slam/lidar_slam.egg-info/top_level.txt
[2.639s] reading manifest file '../../build/lidar_slam/lidar_slam.egg-info/SOURCES.txt'
[2.642s] writing manifest file '../../build/lidar_slam/lidar_slam.egg-info/SOURCES.txt'
[2.643s] running build
[2.645s] running build_py
[2.648s] copying lidar_slam/lidar_node.py -> /ros2_ws/build/lidar_slam/build/lib/lidar_slam
[2.649s] running install
[2.651s] running install_lib
[2.652s] copying /ros2_ws/build/lidar_slam/build/lib/lidar_slam/lidar_node.py -> /ros2_ws/install/lidar_slam/lib/python3.10/site-packages/lidar_slam
[2.654s] byte-compiling /ros2_ws/install/lidar_slam/lib/python3.10/site-packages/lidar_slam/lidar_node.py to lidar_node.cpython-310.pyc
[2.658s] running install_data
[2.658s] running install_egg_info
[2.666s] removing '/ros2_ws/install/lidar_slam/lib/python3.10/site-packages/lidar_slam-0.0.0-py3.10.egg-info' (and everything under it)
[2.666s] Copying ../../build/lidar_slam/lidar_slam.egg-info to /ros2_ws/install/lidar_slam/lib/python3.10/site-packages/lidar_slam-0.0.0-py3.10.egg-info
[2.674s] running install_scripts
[2.742s] Installing lidar_node script to /ros2_ws/install/lidar_slam/lib/lidar_slam
[2.743s] Installing scan_matcher script to /ros2_ws/install/lidar_slam/lib/lidar_slam
[2.746s] writing list of installed files to '/ros2_ws/build/lidar_slam/install.log'
[2.847s] Invoked command in '/ros2_ws/src/lidar_slam' returned '0': PYTHONPATH=/ros2_ws/build/lidar_slam/prefix_override:/usr/lib/python3/dist-packages/colcon_core/task/python/colcon_distutils_commands:/ros2_ws/install/lidar_slam/lib/python3.10/site-packages:${PYTHONPATH} /usr/bin/python3 -W ignore:setup.py install is deprecated -W ignore:easy_install command is deprecated setup.py egg_info --egg-base ../../build/lidar_slam build --build-base /ros2_ws/build/lidar_slam/build install --record /ros2_ws/build/lidar_slam/install.log --single-version-externally-managed install_data
