[1.917s] Invoking command in '/ros2_ws/src/lidar_slam': PYTHONPATH=/ros2_ws/build/lidar_slam/prefix_override:/usr/lib/python3/dist-packages/colcon_core/task/python/colcon_distutils_commands:/ros2_ws/install/lidar_slam/lib/python3.10/site-packages:${PYTHONPATH} /usr/bin/python3 -W ignore:setup.py install is deprecated -W ignore:easy_install command is deprecated setup.py egg_info --egg-base ../../build/lidar_slam build --build-base /ros2_ws/build/lidar_slam/build install --record /ros2_ws/build/lidar_slam/install.log --single-version-externally-managed install_data
[2.594s] running egg_info
[2.596s] writing ../../build/lidar_slam/lidar_slam.egg-info/PKG-INFO
[2.601s] writing dependency_links to ../../build/lidar_slam/lidar_slam.egg-info/dependency_links.txt
[2.601s] writing entry points to ../../build/lidar_slam/lidar_slam.egg-info/entry_points.txt
[2.602s] writing requirements to ../../build/lidar_slam/lidar_slam.egg-info/requires.txt
[2.602s] writing top-level names to ../../build/lidar_slam/lidar_slam.egg-info/top_level.txt
[2.608s] reading manifest file '../../build/lidar_slam/lidar_slam.egg-info/SOURCES.txt'
[2.611s] writing manifest file '../../build/lidar_slam/lidar_slam.egg-info/SOURCES.txt'
[2.612s] running build
[2.612s] running build_py
[2.614s] running install
[2.615s] running install_lib
[2.624s] running install_data
[2.625s] running install_egg_info
[2.632s] removing '/ros2_ws/install/lidar_slam/lib/python3.10/site-packages/lidar_slam-0.0.0-py3.10.egg-info' (and everything under it)
[2.633s] Copying ../../build/lidar_slam/lidar_slam.egg-info to /ros2_ws/install/lidar_slam/lib/python3.10/site-packages/lidar_slam-0.0.0-py3.10.egg-info
[2.637s] running install_scripts
[2.703s] Installing lidar_node script to /ros2_ws/install/lidar_slam/lib/lidar_slam
[2.704s] Installing scan_matcher script to /ros2_ws/install/lidar_slam/lib/lidar_slam
[2.706s] writing list of installed files to '/ros2_ws/build/lidar_slam/install.log'
[2.809s] Invoked command in '/ros2_ws/src/lidar_slam' returned '0': PYTHONPATH=/ros2_ws/build/lidar_slam/prefix_override:/usr/lib/python3/dist-packages/colcon_core/task/python/colcon_distutils_commands:/ros2_ws/install/lidar_slam/lib/python3.10/site-packages:${PYTHONPATH} /usr/bin/python3 -W ignore:setup.py install is deprecated -W ignore:easy_install command is deprecated setup.py egg_info --egg-base ../../build/lidar_slam build --build-base /ros2_ws/build/lidar_slam/build install --record /ros2_ws/build/lidar_slam/install.log --single-version-externally-managed install_data
