[0.548s] DEBUG:colcon:Command line arguments: ['/usr/bin/colcon', 'build']
[0.549s] DEBUG:colcon:Parsed command line arguments: Namespace(log_base=None, log_level=None, verb_name='build', build_base='build', install_base='install', merge_install=False, symlink_install=False, test_result_base=None, continue_on_error=False, executor='parallel', parallel_workers=4, event_handlers=None, ignore_user_meta=False, metas=['./colcon.meta'], base_paths=['.'], packages_ignore=None, packages_ignore_regex=None, paths=None, packages_up_to=None, packages_up_to_regex=None, packages_above=None, packages_above_and_dependencies=None, packages_above_depth=None, packages_select_by_dep=None, packages_skip_by_dep=None, packages_skip_up_to=None, packages_select_build_failed=False, packages_skip_build_finished=False, packages_select_test_failures=False, packages_skip_test_passed=False, packages_select=None, packages_skip=None, packages_select_regex=None, packages_skip_regex=None, packages_start=None, packages_end=None, cmake_args=None, cmake_target=None, cmake_target_skip_unavailable=False, cmake_clean_cache=False, cmake_clean_first=False, cmake_force_configure=False, ament_cmake_args=None, catkin_cmake_args=None, catkin_skip_building_tests=False, mixin_files=None, mixin=None, verb_parser=<colcon_mixin.mixin.mixin_argument.MixinArgumentDecorator object at 0x7fb660a380>, verb_extension=<colcon_core.verb.build.BuildVerb object at 0x7fb67a7e50>, main=<bound method BuildVerb.main of <colcon_core.verb.build.BuildVerb object at 0x7fb67a7e50>>, mixin_verb=('build',))
[1.127s] Level 1:colcon.colcon_core.package_discovery:discover_packages(colcon_meta) check parameters
[1.130s] INFO:colcon.colcon_metadata.package_discovery.colcon_meta:Using configuration from '/root/.colcon/metadata/default/Gazebo.meta'
[1.133s] INFO:colcon.colcon_metadata.package_discovery.colcon_meta:Using configuration from '/root/.colcon/metadata/default/fastdds.meta'
[1.135s] INFO:colcon.colcon_metadata.package_discovery.colcon_meta:Using configuration from '/root/.colcon/metadata/default/fastrtps.meta'
[1.135s] Level 1:colcon.colcon_core.package_discovery:discover_packages(recursive) check parameters
[1.135s] Level 1:colcon.colcon_core.package_discovery:discover_packages(ignore) check parameters
[1.135s] Level 1:colcon.colcon_core.package_discovery:discover_packages(path) check parameters
[1.135s] Level 1:colcon.colcon_core.package_discovery:discover_packages(colcon_meta) discover
[1.136s] Level 1:colcon.colcon_core.package_discovery:discover_packages(recursive) discover
[1.136s] INFO:colcon.colcon_core.package_discovery:Crawling recursively for packages in '/ros2_ws'
[1.136s] Level 1:colcon.colcon_core.package_identification:_identify(.) by extensions ['ignore', 'ignore_ament_install']
[1.136s] Level 1:colcon.colcon_core.package_identification:_identify(.) by extension 'ignore'
[1.137s] Level 1:colcon.colcon_core.package_identification:_identify(.) by extension 'ignore_ament_install'
[1.137s] Level 1:colcon.colcon_core.package_identification:_identify(.) by extensions ['colcon_pkg']
[1.137s] Level 1:colcon.colcon_core.package_identification:_identify(.) by extension 'colcon_pkg'
[1.137s] Level 1:colcon.colcon_core.package_identification:_identify(.) by extensions ['colcon_meta']
[1.137s] Level 1:colcon.colcon_core.package_identification:_identify(.) by extension 'colcon_meta'
[1.137s] Level 1:colcon.colcon_core.package_identification:_identify(.) by extensions ['ros']
[1.137s] Level 1:colcon.colcon_core.package_identification:_identify(.) by extension 'ros'
[1.195s] Level 1:colcon.colcon_core.package_identification:_identify(.) by extensions ['cmake', 'python']
[1.195s] Level 1:colcon.colcon_core.package_identification:_identify(.) by extension 'cmake'
[1.195s] Level 1:colcon.colcon_core.package_identification:_identify(.) by extension 'python'
[1.196s] Level 1:colcon.colcon_core.package_identification:_identify(.) by extensions ['python_setup_py']
[1.196s] Level 1:colcon.colcon_core.package_identification:_identify(.) by extension 'python_setup_py'
[1.196s] Level 1:colcon.colcon_core.package_identification:_identify(build) by extensions ['ignore', 'ignore_ament_install']
[1.196s] Level 1:colcon.colcon_core.package_identification:_identify(build) by extension 'ignore'
[1.197s] Level 1:colcon.colcon_core.package_identification:_identify(build) ignored
[1.197s] Level 1:colcon.colcon_core.package_identification:_identify(install) by extensions ['ignore', 'ignore_ament_install']
[1.197s] Level 1:colcon.colcon_core.package_identification:_identify(install) by extension 'ignore'
[1.197s] Level 1:colcon.colcon_core.package_identification:_identify(install) ignored
[1.198s] Level 1:colcon.colcon_core.package_identification:_identify(lidar) by extensions ['ignore', 'ignore_ament_install']
[1.198s] Level 1:colcon.colcon_core.package_identification:_identify(lidar) by extension 'ignore'
[1.198s] Level 1:colcon.colcon_core.package_identification:_identify(lidar) by extension 'ignore_ament_install'
[1.198s] Level 1:colcon.colcon_core.package_identification:_identify(lidar) by extensions ['colcon_pkg']
[1.198s] Level 1:colcon.colcon_core.package_identification:_identify(lidar) by extension 'colcon_pkg'
[1.199s] Level 1:colcon.colcon_core.package_identification:_identify(lidar) by extensions ['colcon_meta']
[1.199s] Level 1:colcon.colcon_core.package_identification:_identify(lidar) by extension 'colcon_meta'
[1.199s] Level 1:colcon.colcon_core.package_identification:_identify(lidar) by extensions ['ros']
[1.199s] Level 1:colcon.colcon_core.package_identification:_identify(lidar) by extension 'ros'
[1.199s] Level 1:colcon.colcon_core.package_identification:_identify(lidar) by extensions ['cmake', 'python']
[1.199s] Level 1:colcon.colcon_core.package_identification:_identify(lidar) by extension 'cmake'
[1.199s] Level 1:colcon.colcon_core.package_identification:_identify(lidar) by extension 'python'
[1.199s] Level 1:colcon.colcon_core.package_identification:_identify(lidar) by extensions ['python_setup_py']
[1.200s] Level 1:colcon.colcon_core.package_identification:_identify(lidar) by extension 'python_setup_py'
[1.200s] Level 1:colcon.colcon_core.package_identification:_identify(lidar/__pycache__) by extensions ['ignore', 'ignore_ament_install']
[1.200s] Level 1:colcon.colcon_core.package_identification:_identify(lidar/__pycache__) by extension 'ignore'
[1.200s] Level 1:colcon.colcon_core.package_identification:_identify(lidar/__pycache__) by extension 'ignore_ament_install'
[1.201s] Level 1:colcon.colcon_core.package_identification:_identify(lidar/__pycache__) by extensions ['colcon_pkg']
[1.201s] Level 1:colcon.colcon_core.package_identification:_identify(lidar/__pycache__) by extension 'colcon_pkg'
[1.201s] Level 1:colcon.colcon_core.package_identification:_identify(lidar/__pycache__) by extensions ['colcon_meta']
[1.201s] Level 1:colcon.colcon_core.package_identification:_identify(lidar/__pycache__) by extension 'colcon_meta'
[1.201s] Level 1:colcon.colcon_core.package_identification:_identify(lidar/__pycache__) by extensions ['ros']
[1.201s] Level 1:colcon.colcon_core.package_identification:_identify(lidar/__pycache__) by extension 'ros'
[1.201s] Level 1:colcon.colcon_core.package_identification:_identify(lidar/__pycache__) by extensions ['cmake', 'python']
[1.202s] Level 1:colcon.colcon_core.package_identification:_identify(lidar/__pycache__) by extension 'cmake'
[1.202s] Level 1:colcon.colcon_core.package_identification:_identify(lidar/__pycache__) by extension 'python'
[1.202s] Level 1:colcon.colcon_core.package_identification:_identify(lidar/__pycache__) by extensions ['python_setup_py']
[1.202s] Level 1:colcon.colcon_core.package_identification:_identify(lidar/__pycache__) by extension 'python_setup_py'
[1.202s] Level 1:colcon.colcon_core.package_identification:_identify(log) by extensions ['ignore', 'ignore_ament_install']
[1.203s] Level 1:colcon.colcon_core.package_identification:_identify(log) by extension 'ignore'
[1.203s] Level 1:colcon.colcon_core.package_identification:_identify(log) ignored
[1.203s] Level 1:colcon.colcon_core.package_identification:_identify(src) by extensions ['ignore', 'ignore_ament_install']
[1.204s] Level 1:colcon.colcon_core.package_identification:_identify(src) by extension 'ignore'
[1.204s] Level 1:colcon.colcon_core.package_identification:_identify(src) by extension 'ignore_ament_install'
[1.204s] Level 1:colcon.colcon_core.package_identification:_identify(src) by extensions ['colcon_pkg']
[1.204s] Level 1:colcon.colcon_core.package_identification:_identify(src) by extension 'colcon_pkg'
[1.205s] Level 1:colcon.colcon_core.package_identification:_identify(src) by extensions ['colcon_meta']
[1.205s] Level 1:colcon.colcon_core.package_identification:_identify(src) by extension 'colcon_meta'
[1.205s] Level 1:colcon.colcon_core.package_identification:_identify(src) by extensions ['ros']
[1.205s] Level 1:colcon.colcon_core.package_identification:_identify(src) by extension 'ros'
[1.205s] Level 1:colcon.colcon_core.package_identification:_identify(src) by extensions ['cmake', 'python']
[1.205s] Level 1:colcon.colcon_core.package_identification:_identify(src) by extension 'cmake'
[1.205s] Level 1:colcon.colcon_core.package_identification:_identify(src) by extension 'python'
[1.205s] Level 1:colcon.colcon_core.package_identification:_identify(src) by extensions ['python_setup_py']
[1.206s] Level 1:colcon.colcon_core.package_identification:_identify(src) by extension 'python_setup_py'
[1.206s] Level 1:colcon.colcon_core.package_identification:_identify(src/lidar_slam) by extensions ['ignore', 'ignore_ament_install']
[1.207s] Level 1:colcon.colcon_core.package_identification:_identify(src/lidar_slam) by extension 'ignore'
[1.207s] Level 1:colcon.colcon_core.package_identification:_identify(src/lidar_slam) by extension 'ignore_ament_install'
[1.207s] Level 1:colcon.colcon_core.package_identification:_identify(src/lidar_slam) by extensions ['colcon_pkg']
[1.207s] Level 1:colcon.colcon_core.package_identification:_identify(src/lidar_slam) by extension 'colcon_pkg'
[1.207s] Level 1:colcon.colcon_core.package_identification:_identify(src/lidar_slam) by extensions ['colcon_meta']
[1.207s] Level 1:colcon.colcon_core.package_identification:_identify(src/lidar_slam) by extension 'colcon_meta'
[1.207s] Level 1:colcon.colcon_core.package_identification:_identify(src/lidar_slam) by extensions ['ros']
[1.208s] Level 1:colcon.colcon_core.package_identification:_identify(src/lidar_slam) by extension 'ros'
[1.218s] DEBUG:colcon.colcon_core.package_identification:Package 'src/lidar_slam' with type 'ros.ament_python' and name 'lidar_slam'
[1.218s] Level 1:colcon.colcon_core.package_discovery:discover_packages(recursive) using defaults
[1.218s] Level 1:colcon.colcon_core.package_discovery:discover_packages(ignore) discover
[1.218s] Level 1:colcon.colcon_core.package_discovery:discover_packages(ignore) using defaults
[1.218s] Level 1:colcon.colcon_core.package_discovery:discover_packages(path) discover
[1.218s] Level 1:colcon.colcon_core.package_discovery:discover_packages(path) using defaults
[1.326s] Level 5:colcon.colcon_core.verb:set package 'lidar_slam' build argument 'cmake_args' from command line to 'None'
[1.326s] Level 5:colcon.colcon_core.verb:set package 'lidar_slam' build argument 'cmake_target' from command line to 'None'
[1.326s] Level 5:colcon.colcon_core.verb:set package 'lidar_slam' build argument 'cmake_target_skip_unavailable' from command line to 'False'
[1.326s] Level 5:colcon.colcon_core.verb:set package 'lidar_slam' build argument 'cmake_clean_cache' from command line to 'False'
[1.326s] Level 5:colcon.colcon_core.verb:set package 'lidar_slam' build argument 'cmake_clean_first' from command line to 'False'
[1.326s] Level 5:colcon.colcon_core.verb:set package 'lidar_slam' build argument 'cmake_force_configure' from command line to 'False'
[1.326s] Level 5:colcon.colcon_core.verb:set package 'lidar_slam' build argument 'ament_cmake_args' from command line to 'None'
[1.326s] Level 5:colcon.colcon_core.verb:set package 'lidar_slam' build argument 'catkin_cmake_args' from command line to 'None'
[1.326s] Level 5:colcon.colcon_core.verb:set package 'lidar_slam' build argument 'catkin_skip_building_tests' from command line to 'False'
[1.327s] DEBUG:colcon.colcon_core.verb:Building package 'lidar_slam' with the following arguments: {'ament_cmake_args': None, 'build_base': '/ros2_ws/build/lidar_slam', 'catkin_cmake_args': None, 'catkin_skip_building_tests': False, 'cmake_args': None, 'cmake_clean_cache': False, 'cmake_clean_first': False, 'cmake_force_configure': False, 'cmake_target': None, 'cmake_target_skip_unavailable': False, 'install_base': '/ros2_ws/install/lidar_slam', 'merge_install': False, 'path': '/ros2_ws/src/lidar_slam', 'symlink_install': False, 'test_result_base': None}
[1.327s] INFO:colcon.colcon_core.executor:Executing jobs using 'parallel' executor
[1.330s] DEBUG:colcon.colcon_parallel_executor.executor.parallel:run_until_complete
[1.331s] INFO:colcon.colcon_ros.task.ament_python.build:Building ROS package in '/ros2_ws/src/lidar_slam' with build type 'ament_python'
[1.332s] Level 1:colcon.colcon_core.shell:create_environment_hook('lidar_slam', 'ament_prefix_path')
[1.346s] INFO:colcon.colcon_core.plugin_system:Skipping extension 'colcon_core.shell.bat': Not used on non-Windows systems
[1.347s] INFO:colcon.colcon_core.shell:Creating environment hook '/ros2_ws/install/lidar_slam/share/lidar_slam/hook/ament_prefix_path.ps1'
[1.350s] INFO:colcon.colcon_core.shell:Creating environment descriptor '/ros2_ws/install/lidar_slam/share/lidar_slam/hook/ament_prefix_path.dsv'
[1.353s] INFO:colcon.colcon_core.shell:Creating environment hook '/ros2_ws/install/lidar_slam/share/lidar_slam/hook/ament_prefix_path.sh'
[1.356s] INFO:colcon.colcon_core.shell:Skip shell extension 'powershell' for command environment: Not usable outside of PowerShell
[1.356s] DEBUG:colcon.colcon_core.shell:Skip shell extension 'dsv' for command environment
[2.119s] INFO:colcon.colcon_core.task.python.build:Building Python package in '/ros2_ws/src/lidar_slam'
[2.120s] INFO:colcon.colcon_core.shell:Skip shell extension 'powershell' for command environment: Not usable outside of PowerShell
[2.120s] DEBUG:colcon.colcon_core.shell:Skip shell extension 'dsv' for command environment
[3.187s] DEBUG:colcon.colcon_core.event_handler.log_command:Invoking command in '/ros2_ws/src/lidar_slam': PYTHONPATH=/ros2_ws/build/lidar_slam/prefix_override:/usr/lib/python3/dist-packages/colcon_core/task/python/colcon_distutils_commands:/ros2_ws/install/lidar_slam/lib/python3.10/site-packages:${PYTHONPATH} /usr/bin/python3 -W ignore:setup.py install is deprecated -W ignore:easy_install command is deprecated setup.py egg_info --egg-base ../../build/lidar_slam build --build-base /ros2_ws/build/lidar_slam/build install --record /ros2_ws/build/lidar_slam/install.log --single-version-externally-managed install_data
[4.038s] DEBUG:colcon.colcon_core.event_handler.log_command:Invoked command in '/ros2_ws/src/lidar_slam' returned '0': PYTHONPATH=/ros2_ws/build/lidar_slam/prefix_override:/usr/lib/python3/dist-packages/colcon_core/task/python/colcon_distutils_commands:/ros2_ws/install/lidar_slam/lib/python3.10/site-packages:${PYTHONPATH} /usr/bin/python3 -W ignore:setup.py install is deprecated -W ignore:easy_install command is deprecated setup.py egg_info --egg-base ../../build/lidar_slam build --build-base /ros2_ws/build/lidar_slam/build install --record /ros2_ws/build/lidar_slam/install.log --single-version-externally-managed install_data
[4.056s] Level 1:colcon.colcon_core.environment:checking '/ros2_ws/install/lidar_slam' for CMake module files
[4.058s] Level 1:colcon.colcon_core.environment:checking '/ros2_ws/install/lidar_slam' for CMake config files
[4.060s] Level 1:colcon.colcon_core.environment:checking '/ros2_ws/install/lidar_slam/lib'
[4.061s] Level 1:colcon.colcon_core.environment:checking '/ros2_ws/install/lidar_slam/bin'
[4.061s] Level 1:colcon.colcon_core.environment:checking '/ros2_ws/install/lidar_slam/lib/pkgconfig/lidar_slam.pc'
[4.062s] Level 1:colcon.colcon_core.environment:checking '/ros2_ws/install/lidar_slam/lib/python3.10/site-packages'
[4.062s] Level 1:colcon.colcon_core.shell:create_environment_hook('lidar_slam', 'pythonpath')
[4.063s] INFO:colcon.colcon_core.shell:Creating environment hook '/ros2_ws/install/lidar_slam/share/lidar_slam/hook/pythonpath.ps1'
[4.065s] INFO:colcon.colcon_core.shell:Creating environment descriptor '/ros2_ws/install/lidar_slam/share/lidar_slam/hook/pythonpath.dsv'
[4.066s] INFO:colcon.colcon_core.shell:Creating environment hook '/ros2_ws/install/lidar_slam/share/lidar_slam/hook/pythonpath.sh'
[4.069s] Level 1:colcon.colcon_core.environment:checking '/ros2_ws/install/lidar_slam/bin'
[4.069s] Level 1:colcon.colcon_core.environment:create_environment_scripts_only(lidar_slam)
[4.070s] INFO:colcon.colcon_core.shell:Creating package script '/ros2_ws/install/lidar_slam/share/lidar_slam/package.ps1'
[4.075s] INFO:colcon.colcon_core.shell:Creating package descriptor '/ros2_ws/install/lidar_slam/share/lidar_slam/package.dsv'
[4.078s] INFO:colcon.colcon_core.shell:Creating package script '/ros2_ws/install/lidar_slam/share/lidar_slam/package.sh'
[4.081s] INFO:colcon.colcon_core.shell:Creating package script '/ros2_ws/install/lidar_slam/share/lidar_slam/package.bash'
[4.084s] INFO:colcon.colcon_core.shell:Creating package script '/ros2_ws/install/lidar_slam/share/lidar_slam/package.zsh'
[4.088s] Level 1:colcon.colcon_core.environment:create_file_with_runtime_dependencies(/ros2_ws/install/lidar_slam/share/colcon-core/packages/lidar_slam)
[4.089s] DEBUG:colcon.colcon_parallel_executor.executor.parallel:closing loop
[4.090s] DEBUG:colcon.colcon_parallel_executor.executor.parallel:loop closed
[4.090s] DEBUG:colcon.colcon_parallel_executor.executor.parallel:run_until_complete finished with '0'
[4.091s] DEBUG:colcon.colcon_core.event_reactor:joining thread
[4.161s] INFO:colcon.colcon_core.plugin_system:Skipping extension 'colcon_notification.desktop_notification.notify_send': Could not find 'notify-send'
[4.161s] INFO:colcon.colcon_core.plugin_system:Skipping extension 'colcon_notification.desktop_notification.terminal_notifier': Not used on non-Darwin systems
[4.162s] INFO:colcon.colcon_core.plugin_system:Skipping extension 'colcon_notification.desktop_notification.win32': Not used on non-Windows systems
[4.162s] INFO:colcon.colcon_notification.desktop_notification:Sending desktop notification using 'notify2'
[4.162s] DEBUG:colcon.colcon_notification.desktop_notification.notify2:Failed to initialize notify2: org.freedesktop.DBus.Error.NotSupported: Unable to autolaunch a dbus-daemon without a $DISPLAY for X11
[4.162s] DEBUG:colcon.colcon_core.event_reactor:joined thread
[4.163s] INFO:colcon.colcon_core.shell:Creating prefix script '/ros2_ws/install/local_setup.ps1'
[4.168s] INFO:colcon.colcon_core.shell:Creating prefix util module '/ros2_ws/install/_local_setup_util_ps1.py'
[4.174s] INFO:colcon.colcon_core.shell:Creating prefix chain script '/ros2_ws/install/setup.ps1'
[4.178s] INFO:colcon.colcon_core.shell:Creating prefix script '/ros2_ws/install/local_setup.sh'
[4.181s] INFO:colcon.colcon_core.shell:Creating prefix util module '/ros2_ws/install/_local_setup_util_sh.py'
[4.183s] INFO:colcon.colcon_core.shell:Creating prefix chain script '/ros2_ws/install/setup.sh'
[4.187s] INFO:colcon.colcon_core.shell:Creating prefix script '/ros2_ws/install/local_setup.bash'
[4.189s] INFO:colcon.colcon_core.shell:Creating prefix chain script '/ros2_ws/install/setup.bash'
[4.193s] INFO:colcon.colcon_core.shell:Creating prefix script '/ros2_ws/install/local_setup.zsh'
[4.196s] INFO:colcon.colcon_core.shell:Creating prefix chain script '/ros2_ws/install/setup.zsh'
