[1.348s] DEBUG:colcon:Command line arguments: ['/usr/bin/colcon', 'build']
[1.349s] DEBUG:colcon:Parsed command line arguments: Namespace(log_base=None, log_level=None, verb_name='build', build_base='build', install_base='install', merge_install=False, symlink_install=False, test_result_base=None, continue_on_error=False, executor='parallel', parallel_workers=4, event_handlers=None, ignore_user_meta=False, metas=['./colcon.meta'], base_paths=['.'], packages_ignore=None, packages_ignore_regex=None, paths=None, packages_up_to=None, packages_up_to_regex=None, packages_above=None, packages_above_and_dependencies=None, packages_above_depth=None, packages_select_by_dep=None, packages_skip_by_dep=None, packages_skip_up_to=None, packages_select_build_failed=False, packages_skip_build_finished=False, packages_select_test_failures=False, packages_skip_test_passed=False, packages_select=None, packages_skip=None, packages_select_regex=None, packages_skip_regex=None, packages_start=None, packages_end=None, cmake_args=None, cmake_target=None, cmake_target_skip_unavailable=False, cmake_clean_cache=False, cmake_clean_first=False, cmake_force_configure=False, ament_cmake_args=None, catkin_cmake_args=None, catkin_skip_building_tests=False, mixin_files=None, mixin=None, verb_parser=<colcon_mixin.mixin.mixin_argument.MixinArgumentDecorator object at 0x7face7e380>, verb_extension=<colcon_core.verb.build.BuildVerb object at 0x7fad017e50>, main=<bound method BuildVerb.main of <colcon_core.verb.build.BuildVerb object at 0x7fad017e50>>, mixin_verb=('build',))
[2.366s] Level 1:colcon.colcon_core.package_discovery:discover_packages(colcon_meta) check parameters
[2.373s] INFO:colcon.colcon_metadata.package_discovery.colcon_meta:Using configuration from '/root/.colcon/metadata/default/Gazebo.meta'
[2.378s] INFO:colcon.colcon_metadata.package_discovery.colcon_meta:Using configuration from '/root/.colcon/metadata/default/fastdds.meta'
[2.384s] INFO:colcon.colcon_metadata.package_discovery.colcon_meta:Using configuration from '/root/.colcon/metadata/default/fastrtps.meta'
[2.385s] Level 1:colcon.colcon_core.package_discovery:discover_packages(recursive) check parameters
[2.385s] Level 1:colcon.colcon_core.package_discovery:discover_packages(ignore) check parameters
[2.385s] Level 1:colcon.colcon_core.package_discovery:discover_packages(path) check parameters
[2.385s] Level 1:colcon.colcon_core.package_discovery:discover_packages(colcon_meta) discover
[2.386s] Level 1:colcon.colcon_core.package_discovery:discover_packages(recursive) discover
[2.386s] INFO:colcon.colcon_core.package_discovery:Crawling recursively for packages in '/ros2_ws'
[2.387s] Level 1:colcon.colcon_core.package_identification:_identify(.) by extensions ['ignore', 'ignore_ament_install']
[2.388s] Level 1:colcon.colcon_core.package_identification:_identify(.) by extension 'ignore'
[2.388s] Level 1:colcon.colcon_core.package_identification:_identify(.) by extension 'ignore_ament_install'
[2.389s] Level 1:colcon.colcon_core.package_identification:_identify(.) by extensions ['colcon_pkg']
[2.389s] Level 1:colcon.colcon_core.package_identification:_identify(.) by extension 'colcon_pkg'
[2.390s] Level 1:colcon.colcon_core.package_identification:_identify(.) by extensions ['colcon_meta']
[2.390s] Level 1:colcon.colcon_core.package_identification:_identify(.) by extension 'colcon_meta'
[2.390s] Level 1:colcon.colcon_core.package_identification:_identify(.) by extensions ['ros']
[2.391s] Level 1:colcon.colcon_core.package_identification:_identify(.) by extension 'ros'
[2.508s] Level 1:colcon.colcon_core.package_identification:_identify(.) by extensions ['cmake', 'python']
[2.509s] Level 1:colcon.colcon_core.package_identification:_identify(.) by extension 'cmake'
[2.509s] Level 1:colcon.colcon_core.package_identification:_identify(.) by extension 'python'
[2.510s] Level 1:colcon.colcon_core.package_identification:_identify(.) by extensions ['python_setup_py']
[2.510s] Level 1:colcon.colcon_core.package_identification:_identify(.) by extension 'python_setup_py'
[2.511s] Level 1:colcon.colcon_core.package_identification:_identify(build) by extensions ['ignore', 'ignore_ament_install']
[2.512s] Level 1:colcon.colcon_core.package_identification:_identify(build) by extension 'ignore'
[2.513s] Level 1:colcon.colcon_core.package_identification:_identify(build) ignored
[2.514s] Level 1:colcon.colcon_core.package_identification:_identify(install) by extensions ['ignore', 'ignore_ament_install']
[2.514s] Level 1:colcon.colcon_core.package_identification:_identify(install) by extension 'ignore'
[2.515s] Level 1:colcon.colcon_core.package_identification:_identify(install) ignored
[2.516s] Level 1:colcon.colcon_core.package_identification:_identify(lidar) by extensions ['ignore', 'ignore_ament_install']
[2.516s] Level 1:colcon.colcon_core.package_identification:_identify(lidar) by extension 'ignore'
[2.517s] Level 1:colcon.colcon_core.package_identification:_identify(lidar) by extension 'ignore_ament_install'
[2.517s] Level 1:colcon.colcon_core.package_identification:_identify(lidar) by extensions ['colcon_pkg']
[2.518s] Level 1:colcon.colcon_core.package_identification:_identify(lidar) by extension 'colcon_pkg'
[2.518s] Level 1:colcon.colcon_core.package_identification:_identify(lidar) by extensions ['colcon_meta']
[2.519s] Level 1:colcon.colcon_core.package_identification:_identify(lidar) by extension 'colcon_meta'
[2.519s] Level 1:colcon.colcon_core.package_identification:_identify(lidar) by extensions ['ros']
[2.519s] Level 1:colcon.colcon_core.package_identification:_identify(lidar) by extension 'ros'
[2.520s] Level 1:colcon.colcon_core.package_identification:_identify(lidar) by extensions ['cmake', 'python']
[2.521s] Level 1:colcon.colcon_core.package_identification:_identify(lidar) by extension 'cmake'
[2.521s] Level 1:colcon.colcon_core.package_identification:_identify(lidar) by extension 'python'
[2.521s] Level 1:colcon.colcon_core.package_identification:_identify(lidar) by extensions ['python_setup_py']
[2.522s] Level 1:colcon.colcon_core.package_identification:_identify(lidar) by extension 'python_setup_py'
[2.523s] Level 1:colcon.colcon_core.package_identification:_identify(lidar/__pycache__) by extensions ['ignore', 'ignore_ament_install']
[2.523s] Level 1:colcon.colcon_core.package_identification:_identify(lidar/__pycache__) by extension 'ignore'
[2.524s] Level 1:colcon.colcon_core.package_identification:_identify(lidar/__pycache__) by extension 'ignore_ament_install'
[2.525s] Level 1:colcon.colcon_core.package_identification:_identify(lidar/__pycache__) by extensions ['colcon_pkg']
[2.525s] Level 1:colcon.colcon_core.package_identification:_identify(lidar/__pycache__) by extension 'colcon_pkg'
[2.525s] Level 1:colcon.colcon_core.package_identification:_identify(lidar/__pycache__) by extensions ['colcon_meta']
[2.526s] Level 1:colcon.colcon_core.package_identification:_identify(lidar/__pycache__) by extension 'colcon_meta'
[2.526s] Level 1:colcon.colcon_core.package_identification:_identify(lidar/__pycache__) by extensions ['ros']
[2.526s] Level 1:colcon.colcon_core.package_identification:_identify(lidar/__pycache__) by extension 'ros'
[2.527s] Level 1:colcon.colcon_core.package_identification:_identify(lidar/__pycache__) by extensions ['cmake', 'python']
[2.528s] Level 1:colcon.colcon_core.package_identification:_identify(lidar/__pycache__) by extension 'cmake'
[2.528s] Level 1:colcon.colcon_core.package_identification:_identify(lidar/__pycache__) by extension 'python'
[2.528s] Level 1:colcon.colcon_core.package_identification:_identify(lidar/__pycache__) by extensions ['python_setup_py']
[2.529s] Level 1:colcon.colcon_core.package_identification:_identify(lidar/__pycache__) by extension 'python_setup_py'
[2.530s] Level 1:colcon.colcon_core.package_identification:_identify(log) by extensions ['ignore', 'ignore_ament_install']
[2.530s] Level 1:colcon.colcon_core.package_identification:_identify(log) by extension 'ignore'
[2.531s] Level 1:colcon.colcon_core.package_identification:_identify(log) ignored
[2.532s] Level 1:colcon.colcon_core.package_identification:_identify(src) by extensions ['ignore', 'ignore_ament_install']
[2.532s] Level 1:colcon.colcon_core.package_identification:_identify(src) by extension 'ignore'
[2.533s] Level 1:colcon.colcon_core.package_identification:_identify(src) by extension 'ignore_ament_install'
[2.534s] Level 1:colcon.colcon_core.package_identification:_identify(src) by extensions ['colcon_pkg']
[2.534s] Level 1:colcon.colcon_core.package_identification:_identify(src) by extension 'colcon_pkg'
[2.534s] Level 1:colcon.colcon_core.package_identification:_identify(src) by extensions ['colcon_meta']
[2.535s] Level 1:colcon.colcon_core.package_identification:_identify(src) by extension 'colcon_meta'
[2.535s] Level 1:colcon.colcon_core.package_identification:_identify(src) by extensions ['ros']
[2.535s] Level 1:colcon.colcon_core.package_identification:_identify(src) by extension 'ros'
[2.536s] Level 1:colcon.colcon_core.package_identification:_identify(src) by extensions ['cmake', 'python']
[2.537s] Level 1:colcon.colcon_core.package_identification:_identify(src) by extension 'cmake'
[2.537s] Level 1:colcon.colcon_core.package_identification:_identify(src) by extension 'python'
[2.537s] Level 1:colcon.colcon_core.package_identification:_identify(src) by extensions ['python_setup_py']
[2.538s] Level 1:colcon.colcon_core.package_identification:_identify(src) by extension 'python_setup_py'
[2.539s] Level 1:colcon.colcon_core.package_identification:_identify(src/lidar_slam) by extensions ['ignore', 'ignore_ament_install']
[2.539s] Level 1:colcon.colcon_core.package_identification:_identify(src/lidar_slam) by extension 'ignore'
[2.540s] Level 1:colcon.colcon_core.package_identification:_identify(src/lidar_slam) by extension 'ignore_ament_install'
[2.540s] Level 1:colcon.colcon_core.package_identification:_identify(src/lidar_slam) by extensions ['colcon_pkg']
[2.541s] Level 1:colcon.colcon_core.package_identification:_identify(src/lidar_slam) by extension 'colcon_pkg'
[2.541s] Level 1:colcon.colcon_core.package_identification:_identify(src/lidar_slam) by extensions ['colcon_meta']
[2.541s] Level 1:colcon.colcon_core.package_identification:_identify(src/lidar_slam) by extension 'colcon_meta'
[2.542s] Level 1:colcon.colcon_core.package_identification:_identify(src/lidar_slam) by extensions ['ros']
[2.542s] Level 1:colcon.colcon_core.package_identification:_identify(src/lidar_slam) by extension 'ros'
[2.565s] DEBUG:colcon.colcon_core.package_identification:Package 'src/lidar_slam' with type 'ros.ament_python' and name 'lidar_slam'
[2.566s] Level 1:colcon.colcon_core.package_discovery:discover_packages(recursive) using defaults
[2.566s] Level 1:colcon.colcon_core.package_discovery:discover_packages(ignore) discover
[2.567s] Level 1:colcon.colcon_core.package_discovery:discover_packages(ignore) using defaults
[2.567s] Level 1:colcon.colcon_core.package_discovery:discover_packages(path) discover
[2.568s] Level 1:colcon.colcon_core.package_discovery:discover_packages(path) using defaults
[2.760s] Level 5:colcon.colcon_core.verb:set package 'lidar_slam' build argument 'cmake_args' from command line to 'None'
[2.760s] Level 5:colcon.colcon_core.verb:set package 'lidar_slam' build argument 'cmake_target' from command line to 'None'
[2.761s] Level 5:colcon.colcon_core.verb:set package 'lidar_slam' build argument 'cmake_target_skip_unavailable' from command line to 'False'
[2.761s] Level 5:colcon.colcon_core.verb:set package 'lidar_slam' build argument 'cmake_clean_cache' from command line to 'False'
[2.761s] Level 5:colcon.colcon_core.verb:set package 'lidar_slam' build argument 'cmake_clean_first' from command line to 'False'
[2.761s] Level 5:colcon.colcon_core.verb:set package 'lidar_slam' build argument 'cmake_force_configure' from command line to 'False'
[2.762s] Level 5:colcon.colcon_core.verb:set package 'lidar_slam' build argument 'ament_cmake_args' from command line to 'None'
[2.762s] Level 5:colcon.colcon_core.verb:set package 'lidar_slam' build argument 'catkin_cmake_args' from command line to 'None'
[2.762s] Level 5:colcon.colcon_core.verb:set package 'lidar_slam' build argument 'catkin_skip_building_tests' from command line to 'False'
[2.763s] DEBUG:colcon.colcon_core.verb:Building package 'lidar_slam' with the following arguments: {'ament_cmake_args': None, 'build_base': '/ros2_ws/build/lidar_slam', 'catkin_cmake_args': None, 'catkin_skip_building_tests': False, 'cmake_args': None, 'cmake_clean_cache': False, 'cmake_clean_first': False, 'cmake_force_configure': False, 'cmake_target': None, 'cmake_target_skip_unavailable': False, 'install_base': '/ros2_ws/install/lidar_slam', 'merge_install': False, 'path': '/ros2_ws/src/lidar_slam', 'symlink_install': False, 'test_result_base': None}
[2.764s] INFO:colcon.colcon_core.executor:Executing jobs using 'parallel' executor
[2.771s] DEBUG:colcon.colcon_parallel_executor.executor.parallel:run_until_complete
[2.773s] INFO:colcon.colcon_ros.task.ament_python.build:Building ROS package in '/ros2_ws/src/lidar_slam' with build type 'ament_python'
[2.775s] Level 1:colcon.colcon_core.shell:create_environment_hook('lidar_slam', 'ament_prefix_path')
[2.798s] INFO:colcon.colcon_core.plugin_system:Skipping extension 'colcon_core.shell.bat': Not used on non-Windows systems
[2.800s] INFO:colcon.colcon_core.shell:Creating environment hook '/ros2_ws/install/lidar_slam/share/lidar_slam/hook/ament_prefix_path.ps1'
[2.806s] INFO:colcon.colcon_core.shell:Creating environment descriptor '/ros2_ws/install/lidar_slam/share/lidar_slam/hook/ament_prefix_path.dsv'
[2.810s] INFO:colcon.colcon_core.shell:Creating environment hook '/ros2_ws/install/lidar_slam/share/lidar_slam/hook/ament_prefix_path.sh'
[2.817s] INFO:colcon.colcon_core.shell:Skip shell extension 'powershell' for command environment: Not usable outside of PowerShell
[2.818s] DEBUG:colcon.colcon_core.shell:Skip shell extension 'dsv' for command environment
[4.849s] INFO:colcon.colcon_core.task.python.build:Building Python package in '/ros2_ws/src/lidar_slam'
[4.851s] INFO:colcon.colcon_core.shell:Skip shell extension 'powershell' for command environment: Not usable outside of PowerShell
[4.852s] DEBUG:colcon.colcon_core.shell:Skip shell extension 'dsv' for command environment
[7.343s] DEBUG:colcon.colcon_core.event_handler.log_command:Invoking command in '/ros2_ws/src/lidar_slam': PYTHONPATH=/ros2_ws/build/lidar_slam/prefix_override:/usr/lib/python3/dist-packages/colcon_core/task/python/colcon_distutils_commands:/ros2_ws/install/lidar_slam/lib/python3.10/site-packages:${PYTHONPATH} /usr/bin/python3 -W ignore:setup.py install is deprecated -W ignore:easy_install command is deprecated setup.py egg_info --egg-base ../../build/lidar_slam build --build-base /ros2_ws/build/lidar_slam/build install --record /ros2_ws/build/lidar_slam/install.log --single-version-externally-managed install_data
[9.342s] DEBUG:colcon.colcon_core.event_handler.log_command:Invoked command in '/ros2_ws/src/lidar_slam' returned '0': PYTHONPATH=/ros2_ws/build/lidar_slam/prefix_override:/usr/lib/python3/dist-packages/colcon_core/task/python/colcon_distutils_commands:/ros2_ws/install/lidar_slam/lib/python3.10/site-packages:${PYTHONPATH} /usr/bin/python3 -W ignore:setup.py install is deprecated -W ignore:easy_install command is deprecated setup.py egg_info --egg-base ../../build/lidar_slam build --build-base /ros2_ws/build/lidar_slam/build install --record /ros2_ws/build/lidar_slam/install.log --single-version-externally-managed install_data
[9.366s] Level 1:colcon.colcon_core.environment:checking '/ros2_ws/install/lidar_slam' for CMake module files
[9.370s] Level 1:colcon.colcon_core.environment:checking '/ros2_ws/install/lidar_slam' for CMake config files
[9.377s] Level 1:colcon.colcon_core.environment:checking '/ros2_ws/install/lidar_slam/lib'
[9.382s] Level 1:colcon.colcon_core.environment:checking '/ros2_ws/install/lidar_slam/bin'
[9.383s] Level 1:colcon.colcon_core.environment:checking '/ros2_ws/install/lidar_slam/lib/pkgconfig/lidar_slam.pc'
[9.385s] Level 1:colcon.colcon_core.environment:checking '/ros2_ws/install/lidar_slam/lib/python3.10/site-packages'
[9.386s] Level 1:colcon.colcon_core.shell:create_environment_hook('lidar_slam', 'pythonpath')
[9.389s] INFO:colcon.colcon_core.shell:Creating environment hook '/ros2_ws/install/lidar_slam/share/lidar_slam/hook/pythonpath.ps1'
[9.398s] INFO:colcon.colcon_core.shell:Creating environment descriptor '/ros2_ws/install/lidar_slam/share/lidar_slam/hook/pythonpath.dsv'
[9.402s] INFO:colcon.colcon_core.shell:Creating environment hook '/ros2_ws/install/lidar_slam/share/lidar_slam/hook/pythonpath.sh'
[9.412s] Level 1:colcon.colcon_core.environment:checking '/ros2_ws/install/lidar_slam/bin'
[9.413s] Level 1:colcon.colcon_core.environment:create_environment_scripts_only(lidar_slam)
[9.417s] INFO:colcon.colcon_core.shell:Creating package script '/ros2_ws/install/lidar_slam/share/lidar_slam/package.ps1'
[9.430s] INFO:colcon.colcon_core.shell:Creating package descriptor '/ros2_ws/install/lidar_slam/share/lidar_slam/package.dsv'
[9.436s] INFO:colcon.colcon_core.shell:Creating package script '/ros2_ws/install/lidar_slam/share/lidar_slam/package.sh'
[9.444s] INFO:colcon.colcon_core.shell:Creating package script '/ros2_ws/install/lidar_slam/share/lidar_slam/package.bash'
[9.453s] INFO:colcon.colcon_core.shell:Creating package script '/ros2_ws/install/lidar_slam/share/lidar_slam/package.zsh'
[9.460s] Level 1:colcon.colcon_core.environment:create_file_with_runtime_dependencies(/ros2_ws/install/lidar_slam/share/colcon-core/packages/lidar_slam)
[9.462s] DEBUG:colcon.colcon_parallel_executor.executor.parallel:closing loop
[9.466s] DEBUG:colcon.colcon_parallel_executor.executor.parallel:loop closed
[9.469s] DEBUG:colcon.colcon_parallel_executor.executor.parallel:run_until_complete finished with '0'
[9.469s] DEBUG:colcon.colcon_core.event_reactor:joining thread
[9.525s] INFO:colcon.colcon_core.plugin_system:Skipping extension 'colcon_notification.desktop_notification.notify_send': Could not find 'notify-send'
[9.526s] INFO:colcon.colcon_core.plugin_system:Skipping extension 'colcon_notification.desktop_notification.terminal_notifier': Not used on non-Darwin systems
[9.526s] INFO:colcon.colcon_core.plugin_system:Skipping extension 'colcon_notification.desktop_notification.win32': Not used on non-Windows systems
[9.527s] INFO:colcon.colcon_notification.desktop_notification:Sending desktop notification using 'notify2'
[9.527s] DEBUG:colcon.colcon_notification.desktop_notification.notify2:Failed to initialize notify2: org.freedesktop.DBus.Error.NotSupported: Unable to autolaunch a dbus-daemon without a $DISPLAY for X11
[9.529s] DEBUG:colcon.colcon_core.event_reactor:joined thread
[9.532s] INFO:colcon.colcon_core.shell:Creating prefix script '/ros2_ws/install/local_setup.ps1'
[9.542s] INFO:colcon.colcon_core.shell:Creating prefix util module '/ros2_ws/install/_local_setup_util_ps1.py'
[9.558s] INFO:colcon.colcon_core.shell:Creating prefix chain script '/ros2_ws/install/setup.ps1'
[9.569s] INFO:colcon.colcon_core.shell:Creating prefix script '/ros2_ws/install/local_setup.sh'
[9.576s] INFO:colcon.colcon_core.shell:Creating prefix util module '/ros2_ws/install/_local_setup_util_sh.py'
[9.583s] INFO:colcon.colcon_core.shell:Creating prefix chain script '/ros2_ws/install/setup.sh'
[9.593s] INFO:colcon.colcon_core.shell:Creating prefix script '/ros2_ws/install/local_setup.bash'
[9.600s] INFO:colcon.colcon_core.shell:Creating prefix chain script '/ros2_ws/install/setup.bash'
[9.611s] INFO:colcon.colcon_core.shell:Creating prefix script '/ros2_ws/install/local_setup.zsh'
[9.617s] INFO:colcon.colcon_core.shell:Creating prefix chain script '/ros2_ws/install/setup.zsh'
