[4.567s] Invoking command in '/ros2_ws/src/lidar_slam': PYTHONPATH=/ros2_ws/build/lidar_slam/prefix_override:/usr/lib/python3/dist-packages/colcon_core/task/python/colcon_distutils_commands:/ros2_ws/install/lidar_slam/lib/python3.10/site-packages:${PYTHONPATH} /usr/bin/python3 -W ignore:setup.py install is deprecated -W ignore:easy_install command is deprecated setup.py egg_info --egg-base ../../build/lidar_slam build --build-base /ros2_ws/build/lidar_slam/build install --record /ros2_ws/build/lidar_slam/install.log --single-version-externally-managed install_data
[6.103s] running egg_info
[6.110s] writing ../../build/lidar_slam/lidar_slam.egg-info/PKG-INFO
[6.113s] writing dependency_links to ../../build/lidar_slam/lidar_slam.egg-info/dependency_links.txt
[6.115s] writing entry points to ../../build/lidar_slam/lidar_slam.egg-info/entry_points.txt
[6.118s] writing requirements to ../../build/lidar_slam/lidar_slam.egg-info/requires.txt
[6.119s] writing top-level names to ../../build/lidar_slam/lidar_slam.egg-info/top_level.txt
[6.130s] reading manifest file '../../build/lidar_slam/lidar_slam.egg-info/SOURCES.txt'
[6.139s] writing manifest file '../../build/lidar_slam/lidar_slam.egg-info/SOURCES.txt'
[6.141s] running build
[6.142s] running build_py
[6.144s] copying lidar_slam/lidar_node.py -> /ros2_ws/build/lidar_slam/build/lib/lidar_slam
[6.145s] running install
[6.147s] running install_lib
[6.160s] copying /ros2_ws/build/lidar_slam/build/lib/lidar_slam/lidar_node.py -> /ros2_ws/install/lidar_slam/lib/python3.10/site-packages/lidar_slam
[6.165s] byte-compiling /ros2_ws/install/lidar_slam/lib/python3.10/site-packages/lidar_slam/lidar_node.py to lidar_node.cpython-310.pyc
[6.174s] running install_data
[6.175s] running install_egg_info
[6.188s] removing '/ros2_ws/install/lidar_slam/lib/python3.10/site-packages/lidar_slam-0.0.0-py3.10.egg-info' (and everything under it)
[6.196s] Copying ../../build/lidar_slam/lidar_slam.egg-info to /ros2_ws/install/lidar_slam/lib/python3.10/site-packages/lidar_slam-0.0.0-py3.10.egg-info
[6.203s] running install_scripts
[6.373s] Installing lidar_node script to /ros2_ws/install/lidar_slam/lib/lidar_slam
[6.376s] Installing scan_matcher script to /ros2_ws/install/lidar_slam/lib/lidar_slam
[6.379s] writing list of installed files to '/ros2_ws/build/lidar_slam/install.log'
[6.565s] Invoked command in '/ros2_ws/src/lidar_slam' returned '0': PYTHONPATH=/ros2_ws/build/lidar_slam/prefix_override:/usr/lib/python3/dist-packages/colcon_core/task/python/colcon_distutils_commands:/ros2_ws/install/lidar_slam/lib/python3.10/site-packages:${PYTHONPATH} /usr/bin/python3 -W ignore:setup.py install is deprecated -W ignore:easy_install command is deprecated setup.py egg_info --egg-base ../../build/lidar_slam build --build-base /ros2_ws/build/lidar_slam/build install --record /ros2_ws/build/lidar_slam/install.log --single-version-externally-managed install_data
