[3.814s] Invoking command in '/ros2_ws/src/lidar_slam': PYTHONPATH=/ros2_ws/build/lidar_slam/prefix_override:/usr/lib/python3/dist-packages/colcon_core/task/python/colcon_distutils_commands:/ros2_ws/install/lidar_slam/lib/python3.10/site-packages:${PYTHONPATH} /usr/bin/python3 -W ignore:setup.py install is deprecated -W ignore:easy_install command is deprecated setup.py egg_info --egg-base ../../build/lidar_slam build --build-base /ros2_ws/build/lidar_slam/build install --record /ros2_ws/build/lidar_slam/install.log --single-version-externally-managed install_data
[5.511s] running egg_info
[5.517s] writing ../../build/lidar_slam/lidar_slam.egg-info/PKG-INFO
[5.522s] writing dependency_links to ../../build/lidar_slam/lidar_slam.egg-info/dependency_links.txt
[5.523s] writing entry points to ../../build/lidar_slam/lidar_slam.egg-info/entry_points.txt
[5.525s] writing requirements to ../../build/lidar_slam/lidar_slam.egg-info/requires.txt
[5.526s] writing top-level names to ../../build/lidar_slam/lidar_slam.egg-info/top_level.txt
[5.538s] reading manifest file '../../build/lidar_slam/lidar_slam.egg-info/SOURCES.txt'
[5.546s] writing manifest file '../../build/lidar_slam/lidar_slam.egg-info/SOURCES.txt'
[5.548s] running build
[5.549s] running build_py
[5.552s] running install
[5.555s] running install_lib
[5.571s] running install_data
[5.572s] running install_egg_info
[5.586s] removing '/ros2_ws/install/lidar_slam/lib/python3.10/site-packages/lidar_slam-0.0.0-py3.10.egg-info' (and everything under it)
[5.591s] Copying ../../build/lidar_slam/lidar_slam.egg-info to /ros2_ws/install/lidar_slam/lib/python3.10/site-packages/lidar_slam-0.0.0-py3.10.egg-info
[5.596s] running install_scripts
[5.731s] Installing lidar_node script to /ros2_ws/install/lidar_slam/lib/lidar_slam
[5.732s] Installing scan_matcher script to /ros2_ws/install/lidar_slam/lib/lidar_slam
[5.735s] writing list of installed files to '/ros2_ws/build/lidar_slam/install.log'
[5.836s] Invoked command in '/ros2_ws/src/lidar_slam' returned '0': PYTHONPATH=/ros2_ws/build/lidar_slam/prefix_override:/usr/lib/python3/dist-packages/colcon_core/task/python/colcon_distutils_commands:/ros2_ws/install/lidar_slam/lib/python3.10/site-packages:${PYTHONPATH} /usr/bin/python3 -W ignore:setup.py install is deprecated -W ignore:easy_install command is deprecated setup.py egg_info --egg-base ../../build/lidar_slam build --build-base /ros2_ws/build/lidar_slam/build install --record /ros2_ws/build/lidar_slam/install.log --single-version-externally-managed install_data
