[1.904s] Invoking command in '/ros2_ws/src/lidar_slam': PYTHONPATH=/ros2_ws/build/lidar_slam/prefix_override:/usr/lib/python3/dist-packages/colcon_core/task/python/colcon_distutils_commands:/ros2_ws/install/lidar_slam/lib/python3.10/site-packages:${PYTHONPATH} /usr/bin/python3 -W ignore:setup.py install is deprecated -W ignore:easy_install command is deprecated setup.py egg_info --egg-base ../../build/lidar_slam build --build-base /ros2_ws/build/lidar_slam/build install --record /ros2_ws/build/lidar_slam/install.log --single-version-externally-managed install_data
[2.570s] running egg_info
[2.573s] writing ../../build/lidar_slam/lidar_slam.egg-info/PKG-INFO
[2.574s] writing dependency_links to ../../build/lidar_slam/lidar_slam.egg-info/dependency_links.txt
[2.577s] writing entry points to ../../build/lidar_slam/lidar_slam.egg-info/entry_points.txt
[2.578s] writing requirements to ../../build/lidar_slam/lidar_slam.egg-info/requires.txt
[2.579s] writing top-level names to ../../build/lidar_slam/lidar_slam.egg-info/top_level.txt
[2.584s] reading manifest file '../../build/lidar_slam/lidar_slam.egg-info/SOURCES.txt'
[2.587s] writing manifest file '../../build/lidar_slam/lidar_slam.egg-info/SOURCES.txt'
[2.588s] running build
[2.588s] running build_py
[2.588s] copying lidar_slam/lidar_node.py -> /ros2_ws/build/lidar_slam/build/lib/lidar_slam
[2.589s] running install
[2.591s] running install_lib
[2.597s] copying /ros2_ws/build/lidar_slam/build/lib/lidar_slam/lidar_node.py -> /ros2_ws/install/lidar_slam/lib/python3.10/site-packages/lidar_slam
[2.599s] byte-compiling /ros2_ws/install/lidar_slam/lib/python3.10/site-packages/lidar_slam/lidar_node.py to lidar_node.cpython-310.pyc
[2.604s]   File "/ros2_ws/install/lidar_slam/lib/python3.10/site-packages/lidar_slam/lidar_node.py", line 129
[2.605s]     rclpy.sp
[2.605s]             ^
[2.605s] SyntaxError: expected 'except' or 'finally' block
[2.606s] 
[2.606s] running install_data
[2.608s] running install_egg_info
[2.611s] removing '/ros2_ws/install/lidar_slam/lib/python3.10/site-packages/lidar_slam-0.0.0-py3.10.egg-info' (and everything under it)
[2.620s] Copying ../../build/lidar_slam/lidar_slam.egg-info to /ros2_ws/install/lidar_slam/lib/python3.10/site-packages/lidar_slam-0.0.0-py3.10.egg-info
[2.621s] running install_scripts
[2.691s] Installing lidar_node script to /ros2_ws/install/lidar_slam/lib/lidar_slam
[2.698s] Installing scan_matcher script to /ros2_ws/install/lidar_slam/lib/lidar_slam
[2.699s] writing list of installed files to '/ros2_ws/build/lidar_slam/install.log'
[2.820s] Invoked command in '/ros2_ws/src/lidar_slam' returned '0': PYTHONPATH=/ros2_ws/build/lidar_slam/prefix_override:/usr/lib/python3/dist-packages/colcon_core/task/python/colcon_distutils_commands:/ros2_ws/install/lidar_slam/lib/python3.10/site-packages:${PYTHONPATH} /usr/bin/python3 -W ignore:setup.py install is deprecated -W ignore:easy_install command is deprecated setup.py egg_info --egg-base ../../build/lidar_slam build --build-base /ros2_ws/build/lidar_slam/build install --record /ros2_ws/build/lidar_slam/install.log --single-version-externally-managed install_data
