[3.283s] Invoking command in '/ros2_ws/src/lidar_slam': PYTHONPATH=/ros2_ws/build/lidar_slam/prefix_override:/usr/lib/python3/dist-packages/colcon_core/task/python/colcon_distutils_commands:/ros2_ws/install/lidar_slam/lib/python3.10/site-packages:${PYTHONPATH} /usr/bin/python3 -W ignore:setup.py install is deprecated -W ignore:easy_install command is deprecated setup.py egg_info --egg-base ../../build/lidar_slam build --build-base /ros2_ws/build/lidar_slam/build install --record /ros2_ws/build/lidar_slam/install.log --single-version-externally-managed install_data
[3.947s] running egg_info
[3.951s] writing ../../build/lidar_slam/lidar_slam.egg-info/PKG-INFO
[3.953s] writing dependency_links to ../../build/lidar_slam/lidar_slam.egg-info/dependency_links.txt
[3.956s] writing entry points to ../../build/lidar_slam/lidar_slam.egg-info/entry_points.txt
[3.956s] writing requirements to ../../build/lidar_slam/lidar_slam.egg-info/requires.txt
[3.957s] writing top-level names to ../../build/lidar_slam/lidar_slam.egg-info/top_level.txt
[3.963s] reading manifest file '../../build/lidar_slam/lidar_slam.egg-info/SOURCES.txt'
[3.966s] writing manifest file '../../build/lidar_slam/lidar_slam.egg-info/SOURCES.txt'
[3.966s] running build
[3.967s] running build_py
[3.968s] running install
[3.969s] running install_lib
[3.977s] running install_data
[3.977s] running install_egg_info
[3.983s] removing '/ros2_ws/install/lidar_slam/lib/python3.10/site-packages/lidar_slam-0.0.0-py3.10.egg-info' (and everything under it)
[3.989s] Copying ../../build/lidar_slam/lidar_slam.egg-info to /ros2_ws/install/lidar_slam/lib/python3.10/site-packages/lidar_slam-0.0.0-py3.10.egg-info
[3.994s] running install_scripts
[4.086s] Installing lidar_node script to /ros2_ws/install/lidar_slam/lib/lidar_slam
[4.087s] Installing scan_matcher script to /ros2_ws/install/lidar_slam/lib/lidar_slam
[4.092s] writing list of installed files to '/ros2_ws/build/lidar_slam/install.log'
[4.271s] Invoked command in '/ros2_ws/src/lidar_slam' returned '0': PYTHONPATH=/ros2_ws/build/lidar_slam/prefix_override:/usr/lib/python3/dist-packages/colcon_core/task/python/colcon_distutils_commands:/ros2_ws/install/lidar_slam/lib/python3.10/site-packages:${PYTHONPATH} /usr/bin/python3 -W ignore:setup.py install is deprecated -W ignore:easy_install command is deprecated setup.py egg_info --egg-base ../../build/lidar_slam build --build-base /ros2_ws/build/lidar_slam/build install --record /ros2_ws/build/lidar_slam/install.log --single-version-externally-managed install_data
