[2.929s] Invoking command in '/ros2_ws/src/lidar_slam': PYTHONPATH=/ros2_ws/build/lidar_slam/prefix_override:/usr/lib/python3/dist-packages/colcon_core/task/python/colcon_distutils_commands:/ros2_ws/install/lidar_slam/lib/python3.10/site-packages:${PYTHONPATH} /usr/bin/python3 -W ignore:setup.py install is deprecated -W ignore:easy_install command is deprecated setup.py egg_info --egg-base ../../build/lidar_slam build --build-base /ros2_ws/build/lidar_slam/build install --record /ros2_ws/build/lidar_slam/install.log --single-version-externally-managed install_data
[3.591s] running egg_info
[3.594s] writing ../../build/lidar_slam/lidar_slam.egg-info/PKG-INFO
[3.595s] writing dependency_links to ../../build/lidar_slam/lidar_slam.egg-info/dependency_links.txt
[3.597s] writing entry points to ../../build/lidar_slam/lidar_slam.egg-info/entry_points.txt
[3.599s] writing requirements to ../../build/lidar_slam/lidar_slam.egg-info/requires.txt
[3.599s] writing top-level names to ../../build/lidar_slam/lidar_slam.egg-info/top_level.txt
[3.604s] reading manifest file '../../build/lidar_slam/lidar_slam.egg-info/SOURCES.txt'
[3.607s] writing manifest file '../../build/lidar_slam/lidar_slam.egg-info/SOURCES.txt'
[3.608s] running build
[3.608s] running build_py
[3.609s] running install
[3.610s] running install_lib
[3.618s] running install_data
[3.619s] running install_egg_info
[3.631s] removing '/ros2_ws/install/lidar_slam/lib/python3.10/site-packages/lidar_slam-0.0.0-py3.10.egg-info' (and everything under it)
[3.631s] Copying ../../build/lidar_slam/lidar_slam.egg-info to /ros2_ws/install/lidar_slam/lib/python3.10/site-packages/lidar_slam-0.0.0-py3.10.egg-info
[3.632s] running install_scripts
[3.702s] Installing lidar_node script to /ros2_ws/install/lidar_slam/lib/lidar_slam
[3.703s] Installing scan_matcher script to /ros2_ws/install/lidar_slam/lib/lidar_slam
[3.707s] writing list of installed files to '/ros2_ws/build/lidar_slam/install.log'
[3.811s] Invoked command in '/ros2_ws/src/lidar_slam' returned '0': PYTHONPATH=/ros2_ws/build/lidar_slam/prefix_override:/usr/lib/python3/dist-packages/colcon_core/task/python/colcon_distutils_commands:/ros2_ws/install/lidar_slam/lib/python3.10/site-packages:${PYTHONPATH} /usr/bin/python3 -W ignore:setup.py install is deprecated -W ignore:easy_install command is deprecated setup.py egg_info --egg-base ../../build/lidar_slam build --build-base /ros2_ws/build/lidar_slam/build install --record /ros2_ws/build/lidar_slam/install.log --single-version-externally-managed install_data
