[1.845s] Invoking command in '/ros2_ws/src/lidar_slam': PYTHONPATH=/ros2_ws/build/lidar_slam/prefix_override:/usr/lib/python3/dist-packages/colcon_core/task/python/colcon_distutils_commands:/ros2_ws/install/lidar_slam/lib/python3.10/site-packages:${PYTHONPATH} /usr/bin/python3 -W ignore:setup.py install is deprecated -W ignore:easy_install command is deprecated setup.py egg_info --egg-base ../../build/lidar_slam build --build-base /ros2_ws/build/lidar_slam/build install --record /ros2_ws/build/lidar_slam/install.log --single-version-externally-managed install_data
[2.499s] running egg_info
[2.501s] writing ../../build/lidar_slam/lidar_slam.egg-info/PKG-INFO
[2.503s] writing dependency_links to ../../build/lidar_slam/lidar_slam.egg-info/dependency_links.txt
[2.505s] writing entry points to ../../build/lidar_slam/lidar_slam.egg-info/entry_points.txt
[2.507s] writing requirements to ../../build/lidar_slam/lidar_slam.egg-info/requires.txt
[2.508s] writing top-level names to ../../build/lidar_slam/lidar_slam.egg-info/top_level.txt
[2.513s] reading manifest file '../../build/lidar_slam/lidar_slam.egg-info/SOURCES.txt'
[2.515s] writing manifest file '../../build/lidar_slam/lidar_slam.egg-info/SOURCES.txt'
[2.516s] running build
[2.516s] running build_py
[2.520s] copying lidar_slam/lidar_node.py -> /ros2_ws/build/lidar_slam/build/lib/lidar_slam
[2.522s] running install
[2.523s] running install_lib
[2.526s] copying /ros2_ws/build/lidar_slam/build/lib/lidar_slam/lidar_node.py -> /ros2_ws/install/lidar_slam/lib/python3.10/site-packages/lidar_slam
[2.528s] byte-compiling /ros2_ws/install/lidar_slam/lib/python3.10/site-packages/lidar_slam/lidar_node.py to lidar_node.cpython-310.pyc
[2.532s] running install_data
[2.532s] running install_egg_info
[2.540s] removing '/ros2_ws/install/lidar_slam/lib/python3.10/site-packages/lidar_slam-0.0.0-py3.10.egg-info' (and everything under it)
[2.545s] Copying ../../build/lidar_slam/lidar_slam.egg-info to /ros2_ws/install/lidar_slam/lib/python3.10/site-packages/lidar_slam-0.0.0-py3.10.egg-info
[2.546s] running install_scripts
[2.618s] Installing lidar_node script to /ros2_ws/install/lidar_slam/lib/lidar_slam
[2.618s] Installing scan_matcher script to /ros2_ws/install/lidar_slam/lib/lidar_slam
[2.622s] writing list of installed files to '/ros2_ws/build/lidar_slam/install.log'
[2.728s] Invoked command in '/ros2_ws/src/lidar_slam' returned '0': PYTHONPATH=/ros2_ws/build/lidar_slam/prefix_override:/usr/lib/python3/dist-packages/colcon_core/task/python/colcon_distutils_commands:/ros2_ws/install/lidar_slam/lib/python3.10/site-packages:${PYTHONPATH} /usr/bin/python3 -W ignore:setup.py install is deprecated -W ignore:easy_install command is deprecated setup.py egg_info --egg-base ../../build/lidar_slam build --build-base /ros2_ws/build/lidar_slam/build install --record /ros2_ws/build/lidar_slam/install.log --single-version-externally-managed install_data
