running egg_info
writing ../../build/lidar_slam/lidar_slam.egg-info/PKG-INFO
writing dependency_links to ../../build/lidar_slam/lidar_slam.egg-info/dependency_links.txt
writing entry points to ../../build/lidar_slam/lidar_slam.egg-info/entry_points.txt
writing requirements to ../../build/lidar_slam/lidar_slam.egg-info/requires.txt
writing top-level names to ../../build/lidar_slam/lidar_slam.egg-info/top_level.txt
reading manifest file '../../build/lidar_slam/lidar_slam.egg-info/SOURCES.txt'
writing manifest file '../../build/lidar_slam/lidar_slam.egg-info/SOURCES.txt'
running build
running build_py
copying lidar_slam/__init__.py -> /ros2_ws/build/lidar_slam/build/lib/lidar_slam
copying lidar_slam/lidar_node.py -> /ros2_ws/build/lidar_slam/build/lib/lidar_slam
running install
running install_lib
copying /ros2_ws/build/lidar_slam/build/lib/lidar_slam/__init__.py -> /ros2_ws/install/lidar_slam/lib/python3.10/site-packages/lidar_slam
copying /ros2_ws/build/lidar_slam/build/lib/lidar_slam/lidar_node.py -> /ros2_ws/install/lidar_slam/lib/python3.10/site-packages/lidar_slam
byte-compiling /ros2_ws/install/lidar_slam/lib/python3.10/site-packages/lidar_slam/__init__.py to __init__.cpython-310.pyc
byte-compiling /ros2_ws/install/lidar_slam/lib/python3.10/site-packages/lidar_slam/lidar_node.py to lidar_node.cpython-310.pyc
running install_data
running install_egg_info
removing '/ros2_ws/install/lidar_slam/lib/python3.10/site-packages/lidar_slam-0.0.0-py3.10.egg-info' (and everything under it)
Copying ../../build/lidar_slam/lidar_slam.egg-info to /ros2_ws/install/lidar_slam/lib/python3.10/site-packages/lidar_slam-0.0.0-py3.10.egg-info
running install_scripts
Installing lidar_node script to /ros2_ws/install/lidar_slam/lib/lidar_slam
Installing scan_matcher script to /ros2_ws/install/lidar_slam/lib/lidar_slam
writing list of installed files to '/ros2_ws/build/lidar_slam/install.log'
